# JRE version: Java(TM) SE Runtime Environment (23.0.1+11) (build 23.0.1+11-39)
# Java VM: Java HotSpot(TM) 64-Bit Server VM (23.0.1+11-39, mixed mode, emulated-client, sharing, tiered, compressed oops, compressed class ptrs, g1 gc, windows-amd64)
GC Precious Log:
 CardTable entry size: 512
 Card Set container configuration: InlinePtr #cards 4 size 8 Array Of Cards #cards 16 size 48 Howl #buckets 8 coarsen threshold 3686 Howl Bitmap #cards 512 size 80 coarsen threshold 460 Card regions per heap region 1 cards per card region 4096
 CPUs: 8 total, 8 available
 Memory: 16167M
 Large Page Support: Disabled
 NUMA Support: Disabled
 Compressed Oops: Enabled (Zero based)
 Heap Region Size: 2M
 Heap Min Capacity: 8M
 Heap Initial Capacity: 254M
 Heap Max Capacity: 4042M
 Pre-touch: Disabled
 Parallel Workers: 8
 Concurrent Workers: 2
 Concurrent Refinement Workers: 8
 Periodic GC: Disabled
Heap:
 garbage-first heap   total reserved 4139008K, committed 90112K, used 73326K [0x0000000703600000, 0x0000000800000000)
  region size 2048K, 24 young (49152K), 2 survivors (4096K)
 Metaspace       used 65647K, committed 66368K, reserved 1114112K
  class space    used 9431K, committed 9728K, reserved 1048576K
GC Heap History (20 events):
Event: 5.070 GC heap after
{Heap after GC invocations=14 (full 0):
 garbage-first heap   total reserved 4139008K, committed 81920K, used 24445K [0x0000000703600000, 0x0000000800000000)
  region size 2048K, 2 young (4096K), 2 survivors (4096K)
 Metaspace       used 50105K, committed 50560K, reserved 1114112K
  class space    used 7058K, committed 7232K, reserved 1048576K
}
Event: 5.522 GC heap before
{Heap before GC invocations=14 (full 0):
 garbage-first heap   total reserved 4139008K, committed 81920K, used 69501K [0x0000000703600000, 0x0000000800000000)
  region size 2048K, 24 young (49152K), 2 survivors (4096K)
 Metaspace       used 54050K, committed 54464K, reserved 1114112K
  class space    used 7719K, committed 7872K, reserved 1048576K
}
Event: 5.525 GC heap after
{Heap after GC invocations=15 (full 0):
 garbage-first heap   total reserved 4139008K, committed 98304K, used 25733K [0x0000000703600000, 0x0000000800000000)
  region size 2048K, 2 young (4096K), 2 survivors (4096K)
 Metaspace       used 54050K, committed 54464K, reserved 1114112K
  class space    used 7719K, committed 7872K, reserved 1048576K
}
Event: 5.991 GC heap before
{Heap before GC invocations=15 (full 0):
 garbage-first heap   total reserved 4139008K, committed 98304K, used 78981K [0x0000000703600000, 0x0000000800000000)
  region size 2048K, 28 young (57344K), 2 survivors (4096K)
 Metaspace       used 57959K, committed 58496K, reserved 1114112K
  class space    used 8299K, committed 8512K, reserved 1048576K
}
Event: 5.996 GC heap after
{Heap after GC invocations=16 (full 0):
 garbage-first heap   total reserved 4139008K, committed 98304K, used 28152K [0x0000000703600000, 0x0000000800000000)
  region size 2048K, 3 young (6144K), 3 survivors (6144K)
 Metaspace       used 57959K, committed 58496K, reserved 1114112K
  class space    used 8299K, committed 8512K, reserved 1048576K
}
Event: 6.860 GC heap before
{Heap before GC invocations=16 (full 0):
 garbage-first heap   total reserved 4139008K, committed 98304K, used 73208K [0x0000000703600000, 0x0000000800000000)
  region size 2048K, 26 young (53248K), 3 survivors (6144K)
 Metaspace       used 60282K, committed 60800K, reserved 1114112K
  class space    used 8684K, committed 8896K, reserved 1048576K
}
Event: 6.867 GC heap after
{Heap after GC invocations=17 (full 0):
 garbage-first heap   total reserved 4139008K, committed 98304K, used 30649K [0x0000000703600000, 0x0000000800000000)
  region size 2048K, 4 young (8192K), 4 survivors (8192K)
 Metaspace       used 60282K, committed 60800K, reserved 1114112K
  class space    used 8684K, committed 8896K, reserved 1048576K
}
Event: 85.566 GC heap before
{Heap before GC invocations=18 (full 0):
 garbage-first heap   total reserved 4139008K, committed 98304K, used 77753K [0x0000000703600000, 0x0000000800000000)
  region size 2048K, 28 young (57344K), 4 survivors (8192K)
 Metaspace       used 64914K, committed 65472K, reserved 1114112K
  class space    used 9321K, committed 9536K, reserved 1048576K
}
Event: 85.570 GC heap after
{Heap after GC invocations=19 (full 0):
 garbage-first heap   total reserved 4139008K, committed 98304K, used 31611K [0x0000000703600000, 0x0000000800000000)
  region size 2048K, 2 young (4096K), 2 survivors (4096K)
 Metaspace       used 64914K, committed 65472K, reserved 1114112K
  class space    used 9321K, committed 9536K, reserved 1048576K
}
Event: 2030.371 GC heap before
{Heap before GC invocations=19 (full 0):
 garbage-first heap   total reserved 4139008K, committed 98304K, used 84859K [0x0000000703600000, 0x0000000800000000)
  region size 2048K, 28 young (57344K), 2 survivors (4096K)
 Metaspace       used 65518K, committed 66112K, reserved 1114112K
  class space    used 9409K, committed 9664K, reserved 1048576K
}
Event: 2030.377 GC heap after
{Heap after GC invocations=20 (full 0):
 garbage-first heap   total reserved 4139008K, committed 98304K, used 32559K [0x0000000703600000, 0x0000000800000000)
  region size 2048K, 3 young (6144K), 3 survivors (6144K)
 Metaspace       used 65518K, committed 66112K, reserved 1114112K
  class space    used 9409K, committed 9664K, reserved 1048576K
}
Event: 3897.362 GC heap before
{Heap before GC invocations=20 (full 0):
 garbage-first heap   total reserved 4139008K, committed 98304K, used 83759K [0x0000000703600000, 0x0000000800000000)
  region size 2048K, 28 young (57344K), 3 survivors (6144K)
 Metaspace       used 65594K, committed 66176K, reserved 1114112K
  class space    used 9430K, committed 9664K, reserved 1048576K
}
Event: 3897.369 GC heap after
{Heap after GC invocations=21 (full 0):
 garbage-first heap   total reserved 4139008K, committed 98304K, used 33201K [0x0000000703600000, 0x0000000800000000)
  region size 2048K, 2 young (4096K), 2 survivors (4096K)
 Metaspace       used 65594K, committed 66176K, reserved 1114112K
  class space    used 9430K, committed 9664K, reserved 1048576K
}
Event: 5153.413 GC heap before
{Heap before GC invocations=21 (full 0):
 garbage-first heap   total reserved 4139008K, committed 98304K, used 86449K [0x0000000703600000, 0x0000000800000000)
  region size 2048K, 28 young (57344K), 2 survivors (4096K)
 Metaspace       used 65594K, committed 66176K, reserved 1114112K
  class space    used 9430K, committed 9664K, reserved 1048576K
}
Event: 5153.418 GC heap after
{Heap after GC invocations=22 (full 0):
 garbage-first heap   total reserved 4139008K, committed 98304K, used 32556K [0x0000000703600000, 0x0000000800000000)
  region size 2048K, 2 young (4096K), 2 survivors (4096K)
 Metaspace       used 65594K, committed 66176K, reserved 1114112K
  class space    used 9430K, committed 9664K, reserved 1048576K
}
Event: 5389.862 GC heap before
{Heap before GC invocations=22 (full 0):
 garbage-first heap   total reserved 4139008K, committed 98304K, used 59180K [0x0000000703600000, 0x0000000800000000)
  region size 2048K, 16 young (32768K), 2 survivors (4096K)
 Metaspace       used 65694K, committed 66368K, reserved 1114112K
  class space    used 9453K, committed 9728K, reserved 1048576K
}
Event: 5389.991 GC heap after
{Heap after GC invocations=23 (full 1):
 garbage-first heap   total reserved 4139008K, committed 90112K, used 23087K [0x0000000703600000, 0x0000000800000000)
  region size 2048K, 0 young (0K), 0 survivors (0K)
 Metaspace       used 65437K, committed 66368K, reserved 1114112K
  class space    used 9382K, committed 9728K, reserved 1048576K
}
Event: 5392.038 GC heap before
{Heap before GC invocations=23 (full 1):
 garbage-first heap   total reserved 4139008K, committed 90112K, used 76335K [0x0000000703600000, 0x0000000800000000)
  region size 2048K, 26 young (53248K), 0 survivors (0K)
 Metaspace       used 65564K, committed 66368K, reserved 1114112K
  class space    used 9414K, committed 9728K, reserved 1048576K
}
Event: 5392.046 GC heap after
{Heap after GC invocations=24 (full 1):
 garbage-first heap   total reserved 4139008K, committed 90112K, used 28270K [0x0000000703600000, 0x0000000800000000)
  region size 2048K, 3 young (6144K), 3 survivors (6144K)
 Metaspace       used 65564K, committed 66368K, reserved 1114112K
  class space    used 9414K, committed 9728K, reserved 1048576K
}
Event: 9225.210 GC heap before
{Heap before GC invocations=24 (full 1):
 garbage-first heap   total reserved 4139008K, committed 90112K, used 73326K [0x0000000703600000, 0x0000000800000000)
  region size 2048K, 25 young (51200K), 3 survivors (6144K)
 Metaspace       used 65647K, committed 66368K, reserved 1114112K
  class space    used 9431K, committed 9728K, reserved 1048576K
}

